#
# There is insufficient memory for the Java Runtime Environment to continue.
# Native memory allocation (malloc) failed to allocate 1048576 bytes for AllocateHeap
# Possible reasons:
#   The system is out of physical RAM or swap space
#   In 32 bit mode, the process size limit was hit
# Possible solutions:
#   Reduce memory load on the system
#   Increase physical memory or swap space
#   Check if swap backing store is full
#   Use 64 bit Java on a 64 bit OS
#   Decrease Java heap size (-Xmx/-Xms)
#   Decrease number of Java threads
#   Decrease Java thread stack sizes (-Xss)
#   Set larger code cache with -XX:ReservedCodeCacheSize=
# This output file may be truncated or incomplete.
#
#  Out of Memory Error (memory/allocation.inline.hpp:61), pid=14644, tid=0x00000000000062cc
#
# JRE version:  (8.0_191-b12) (build )
# Java VM: Java HotSpot(TM) 64-Bit Server VM (25.191-b12 mixed mode windows-amd64 compressed oops)
# Failed to write core dump. Minidumps are not enabled by default on client versions of Windows
#

---------------  T H R E A D  ---------------

Current thread (0x000000000331e000):  JavaThread "Unknown thread" [_thread_in_vm, id=25292, stack(0x00000000031b0000,0x00000000032b0000)]

Stack: [0x00000000031b0000,0x00000000032b0000]
[error occurred during error reporting (printing stack bounds), id 0xc0000005]

Native frames: (J=compiled Java code, j=interpreted, Vv=VM code, C=native code)


---------------  P R O C E S S  ---------------

Java Threads: ( => current thread )

Other Threads:

=>0x000000000331e000 (exited) JavaThread "Unknown thread" [_thread_in_vm, id=25292, stack(0x00000000031b0000,0x00000000032b0000)]

VM state:not at safepoint (normal execution)

VM Mutex/Monitor currently owned by a thread: None

Heap:
 PSYoungGen      total 37888K, used 655K [0x00000000d6100000, 0x00000000d8b00000, 0x0000000100000000)
  eden space 32768K, 2% used [0x00000000d6100000,0x00000000d61a3d80,0x00000000d8100000)
  from space 5120K, 0% used [0x00000000d8600000,0x00000000d8600000,0x00000000d8b00000)
  to   space 5120K, 0% used [0x00000000d8100000,0x00000000d8100000,0x00000000d8600000)
 ParOldGen       total 86016K, used 0K [0x0000000082200000, 0x0000000087600000, 0x00000000d6100000)
  object space 86016K, 0% used [0x0000000082200000,0x0000000082200000,0x0000000087600000)
 Metaspace       used 751K, capacity 4480K, committed 4480K, reserved 1056768K
  class space    used 76K, capacity 384K, committed 384K, reserved 1048576K

Card table byte_map: [0x00000000127e0000,0x0000000012bd0000] byte_map_base: 0x00000000123cf000

Marking Bits: (ParMarkBitMap*) 0x000000005eb23e30
 Begin Bits: [0x0000000013670000, 0x00000000155e8000)
 End Bits:   [0x00000000155e8000, 0x0000000017560000)

Polling page: 0x0000000001820000

CodeCache: size=245760Kb used=328Kb max_used=328Kb free=245431Kb
 bounds [0x0000000003420000, 0x0000000003690000, 0x0000000012420000]
 total_blobs=58 nmethods=0 adapters=38
 compilation: enabled

Compilation events (0 events):
No events

GC Heap History (0 events):
No events

Deoptimization events (0 events):
No events

Classes redefined (0 events):
No events

Internal exceptions (0 events):
No events

Events (10 events):
Event: 0.091 loading class java/lang/Short
Event: 0.091 loading class java/lang/Short done
Event: 0.091 loading class java/lang/Integer
Event: 0.091 loading class java/lang/Integer done
Event: 0.091 loading class java/lang/Long
Event: 0.091 loading class java/lang/Long done
Event: 0.092 loading class java/lang/NullPointerException
Event: 0.092 loading class java/lang/NullPointerException done
Event: 0.092 loading class java/lang/ArithmeticException
Event: 0.092 loading class java/lang/ArithmeticException done


Dynamic libraries:
0x00007ff68d0d0000 - 0x00007ff68d107000 	C:\Program Files\Java\jre1.8.0_191\bin\javaw.exe
0x00007ffcf8860000 - 0x00007ffcf8a41000 	C:\Windows\SYSTEM32\ntdll.dll
0x00007ffcf7ea0000 - 0x00007ffcf7f52000 	C:\Windows\System32\KERNEL32.DLL
0x00007ffcf5a50000 - 0x00007ffcf5cc3000 	C:\Windows\System32\KERNELBASE.dll
0x00007ffcf7920000 - 0x00007ffcf79c1000 	C:\Windows\System32\ADVAPI32.dll
0x00007ffcf8790000 - 0x00007ffcf882e000 	C:\Windows\System32\msvcrt.dll
0x00007ffcf5d70000 - 0x00007ffcf5dcb000 	C:\Windows\System32\sechost.dll
0x00007ffcf7fc0000 - 0x00007ffcf80e4000 	C:\Windows\System32\RPCRT4.dll
0x00007ffcf7ac0000 - 0x00007ffcf7c50000 	C:\Windows\System32\USER32.dll
0x00007ffcf5cd0000 - 0x00007ffcf5cf0000 	C:\Windows\System32\win32u.dll
0x00007ffcf7e60000 - 0x00007ffcf7e88000 	C:\Windows\System32\GDI32.dll
0x00007ffcf4c30000 - 0x00007ffcf4dc2000 	C:\Windows\System32\gdi32full.dll
0x00007ffcf57d0000 - 0x00007ffcf586f000 	C:\Windows\System32\msvcp_win.dll
0x00007ffcf5950000 - 0x00007ffcf5a4a000 	C:\Windows\System32\ucrtbase.dll
0x00007ffce2380000 - 0x00007ffce25e9000 	C:\Windows\WinSxS\amd64_microsoft.windows.common-controls_6595b64144ccf1df_6.0.17134.345_none_fb429a5930656358\COMCTL32.dll
0x00007ffcf8460000 - 0x00007ffcf8783000 	C:\Windows\System32\combase.dll
0x00007ffcf58d0000 - 0x00007ffcf594a000 	C:\Windows\System32\bcryptPrimitives.dll
0x00007ffcf8270000 - 0x00007ffcf829d000 	C:\Windows\System32\IMM32.DLL
0x000000005f520000 - 0x000000005f5f2000 	C:\Program Files\Java\jre1.8.0_191\bin\msvcr100.dll
0x000000005e300000 - 0x000000005eba4000 	C:\Program Files\Java\jre1.8.0_191\bin\server\jvm.dll
0x00007ffcf7410000 - 0x00007ffcf7418000 	C:\Windows\System32\PSAPI.DLL
0x00007ffcf1660000 - 0x00007ffcf1683000 	C:\Windows\SYSTEM32\WINMM.dll
0x00007ffce7890000 - 0x00007ffce789a000 	C:\Windows\SYSTEM32\VERSION.dll
0x00007ffcf1630000 - 0x00007ffcf165a000 	C:\Windows\SYSTEM32\WINMMBASE.dll
0x00007ffcf4fc0000 - 0x00007ffcf5009000 	C:\Windows\System32\cfgmgr32.dll
0x00007ffcf2fa0000 - 0x00007ffcf2fa9000 	C:\Windows\SYSTEM32\WSOCK32.dll
0x00007ffcf7c50000 - 0x00007ffcf7cbc000 	C:\Windows\System32\WS2_32.dll
0x0000000060ae0000 - 0x0000000060aef000 	C:\Program Files\Java\jre1.8.0_191\bin\verify.dll
0x0000000060ab0000 - 0x0000000060ad9000 	C:\Program Files\Java\jre1.8.0_191\bin\java.dll
0x0000000060a90000 - 0x0000000060aa6000 	C:\Program Files\Java\jre1.8.0_191\bin\zip.dll

VM Arguments:
jvm_args: -Dfile.encoding=Cp1252 
java_command: recursion.rec
java_class_path (initial): C:\Users\moeckelmann.PDS\Desktop\recursion\recursion\bin
Launcher Type: SUN_STANDARD

Environment Variables:
PATH=C:/Program Files/Java/jre1.8.0_191/bin/server;C:/Program Files/Java/jre1.8.0_191/bin;C:/Program Files/Java/jre1.8.0_191/lib/amd64;C:\Program Files (x86)\Common Files\Oracle\Java\javapath;C:\Windows\system32;C:\Windows;C:\Windows\System32\Wbem;C:\Windows\System32\WindowsPowerShell\v1.0\;C:\Windows\System32\OpenSSH\;C:\Program Files (x86)\Panda Security\WaAgent\Common;C:\Program Files (x86)\Microsoft SQL Server\Client SDK\ODBC\130\Tools\Binn\;C:\Program Files (x86)\Microsoft SQL Server\140\Tools\Binn\;C:\Program Files (x86)\Microsoft SQL Server\140\DTS\Binn\;C:\Program Files (x86)\Microsoft SQL Server\140\Tools\Binn\ManagementStudio\;C:\Program Files\Microsoft SQL Server\Client SDK\ODBC\130\Tools\Binn\;C:\Program Files\Microsoft SQL Server\140\Tools\Binn\;C:\Program Files\Microsoft SQL Server\140\DTS\Binn\;C:\Program Files\PDS\pds Software\postgres\pgsql\lib;C:\Program Files\PDS\pds Software\postgres\pgsql\bin;C:\Program Files\Git\cmd;C:\Users\moeckelmann.PDS\AppData\Local\Microsoft\WindowsApps;;C:\Windows\System32;
USERNAME=moeckelmann
OS=Windows_NT
PROCESSOR_IDENTIFIER=Intel64 Family 6 Model 142 Stepping 10, GenuineIntel



---------------  S Y S T E M  ---------------

OS: Windows 10.0 , 64 bit Build 17134 (10.0.17134.1)

CPU:total 8 (initial active 8) (4 cores per cpu, 2 threads per core) family 6 model 142 stepping 10, cmov, cx8, fxsr, mmx, sse, sse2, sse3, ssse3, sse4.1, sse4.2, popcnt, avx, avx2, aes, clmul, erms, 3dnowpref, lzcnt, ht, tsc, tscinvbit, bmi1, bmi2, adx

Memory: 4k page, physical 8244324k(696364k free), swap 33410148k(5356k free)

vm_info: Java HotSpot(TM) 64-Bit Server VM (25.191-b12) for windows-amd64 JRE (1.8.0_191-b12), built on Oct  6 2018 09:29:03 by "java_re" with MS VC++ 10.0 (VS2010)

time: Wed Dec 19 15:36:31 2018
elapsed time: 0 seconds (0d 0h 0m 0s)

